running egg_info
creating ../../build/publish_pwm_values/publish_pwm_values.egg-info
writing ../../build/publish_pwm_values/publish_pwm_values.egg-info/PKG-INFO
writing dependency_links to ../../build/publish_pwm_values/publish_pwm_values.egg-info/dependency_links.txt
writing entry points to ../../build/publish_pwm_values/publish_pwm_values.egg-info/entry_points.txt
writing requirements to ../../build/publish_pwm_values/publish_pwm_values.egg-info/requires.txt
writing top-level names to ../../build/publish_pwm_values/publish_pwm_values.egg-info/top_level.txt
writing manifest file '../../build/publish_pwm_values/publish_pwm_values.egg-info/SOURCES.txt'
reading manifest file '../../build/publish_pwm_values/publish_pwm_values.egg-info/SOURCES.txt'
writing manifest file '../../build/publish_pwm_values/publish_pwm_values.egg-info/SOURCES.txt'
running build
running build_py
creating /home/anirudh/muc_ws/build/publish_pwm_values/build
creating /home/anirudh/muc_ws/build/publish_pwm_values/build/lib
creating /home/anirudh/muc_ws/build/publish_pwm_values/build/lib/publish_pwm_values
copying publish_pwm_values/__init__.py -> /home/anirudh/muc_ws/build/publish_pwm_values/build/lib/publish_pwm_values
running install
running install_lib
creating /home/anirudh/muc_ws/install/publish_pwm_values/lib/python3.10/site-packages/publish_pwm_values
copying /home/anirudh/muc_ws/build/publish_pwm_values/build/lib/publish_pwm_values/__init__.py -> /home/anirudh/muc_ws/install/publish_pwm_values/lib/python3.10/site-packages/publish_pwm_values
byte-compiling /home/anirudh/muc_ws/install/publish_pwm_values/lib/python3.10/site-packages/publish_pwm_values/__init__.py to __init__.cpython-310.pyc
running install_data
creating /home/anirudh/muc_ws/install/publish_pwm_values/share/ament_index
creating /home/anirudh/muc_ws/install/publish_pwm_values/share/ament_index/resource_index
creating /home/anirudh/muc_ws/install/publish_pwm_values/share/ament_index/resource_index/packages
copying resource/publish_pwm_values -> /home/anirudh/muc_ws/install/publish_pwm_values/share/ament_index/resource_index/packages
copying package.xml -> /home/anirudh/muc_ws/install/publish_pwm_values/share/publish_pwm_values
running install_egg_info
Copying ../../build/publish_pwm_values/publish_pwm_values.egg-info to /home/anirudh/muc_ws/install/publish_pwm_values/lib/python3.10/site-packages/publish_pwm_values-0.0.0-py3.10.egg-info
running install_scripts
writing list of installed files to '/home/anirudh/muc_ws/build/publish_pwm_values/install.log'
