[0.432s] Invoking command in '/home/anirudh/muc_ws/src/publish_pwm_values': PYTHONPATH=/home/anirudh/muc_ws/build/publish_pwm_values/prefix_override:/home/anirudh/muc_ws/install/publish_pwm_values/lib/python3.10/site-packages:${PYTHONPATH} /usr/bin/python3 setup.py egg_info --egg-base ../../build/publish_pwm_values build --build-base /home/anirudh/muc_ws/build/publish_pwm_values/build install --record /home/anirudh/muc_ws/build/publish_pwm_values/install.log --single-version-externally-managed
[0.547s] running egg_info
[0.547s] creating ../../build/publish_pwm_values/publish_pwm_values.egg-info
[0.547s] writing ../../build/publish_pwm_values/publish_pwm_values.egg-info/PKG-INFO
[0.547s] writing dependency_links to ../../build/publish_pwm_values/publish_pwm_values.egg-info/dependency_links.txt
[0.547s] writing entry points to ../../build/publish_pwm_values/publish_pwm_values.egg-info/entry_points.txt
[0.548s] writing requirements to ../../build/publish_pwm_values/publish_pwm_values.egg-info/requires.txt
[0.548s] writing top-level names to ../../build/publish_pwm_values/publish_pwm_values.egg-info/top_level.txt
[0.548s] writing manifest file '../../build/publish_pwm_values/publish_pwm_values.egg-info/SOURCES.txt'
[0.548s] reading manifest file '../../build/publish_pwm_values/publish_pwm_values.egg-info/SOURCES.txt'
[0.549s] writing manifest file '../../build/publish_pwm_values/publish_pwm_values.egg-info/SOURCES.txt'
[0.549s] running build
[0.549s] running build_py
[0.549s] creating /home/anirudh/muc_ws/build/publish_pwm_values/build
[0.549s] creating /home/anirudh/muc_ws/build/publish_pwm_values/build/lib
[0.549s] creating /home/anirudh/muc_ws/build/publish_pwm_values/build/lib/publish_pwm_values
[0.549s] copying publish_pwm_values/__init__.py -> /home/anirudh/muc_ws/build/publish_pwm_values/build/lib/publish_pwm_values
[0.549s] running install
[0.558s] /usr/lib/python3/dist-packages/setuptools/command/install.py:34: SetuptoolsDeprecationWarning: setup.py install is deprecated. Use build and pip and other standards-based tools.
[0.558s]   warnings.warn(
[0.558s] running install_lib
[0.559s] creating /home/anirudh/muc_ws/install/publish_pwm_values/lib/python3.10/site-packages/publish_pwm_values
[0.559s] copying /home/anirudh/muc_ws/build/publish_pwm_values/build/lib/publish_pwm_values/__init__.py -> /home/anirudh/muc_ws/install/publish_pwm_values/lib/python3.10/site-packages/publish_pwm_values
[0.559s] byte-compiling /home/anirudh/muc_ws/install/publish_pwm_values/lib/python3.10/site-packages/publish_pwm_values/__init__.py to __init__.cpython-310.pyc
[0.559s] running install_data
[0.559s] creating /home/anirudh/muc_ws/install/publish_pwm_values/share/ament_index
[0.559s] creating /home/anirudh/muc_ws/install/publish_pwm_values/share/ament_index/resource_index
[0.559s] creating /home/anirudh/muc_ws/install/publish_pwm_values/share/ament_index/resource_index/packages
[0.559s] copying resource/publish_pwm_values -> /home/anirudh/muc_ws/install/publish_pwm_values/share/ament_index/resource_index/packages
[0.559s] copying package.xml -> /home/anirudh/muc_ws/install/publish_pwm_values/share/publish_pwm_values
[0.559s] running install_egg_info
[0.561s] Copying ../../build/publish_pwm_values/publish_pwm_values.egg-info to /home/anirudh/muc_ws/install/publish_pwm_values/lib/python3.10/site-packages/publish_pwm_values-0.0.0-py3.10.egg-info
[0.561s] running install_scripts
[0.572s] writing list of installed files to '/home/anirudh/muc_ws/build/publish_pwm_values/install.log'
[0.584s] Invoked command in '/home/anirudh/muc_ws/src/publish_pwm_values' returned '0': PYTHONPATH=/home/anirudh/muc_ws/build/publish_pwm_values/prefix_override:/home/anirudh/muc_ws/install/publish_pwm_values/lib/python3.10/site-packages:${PYTHONPATH} /usr/bin/python3 setup.py egg_info --egg-base ../../build/publish_pwm_values build --build-base /home/anirudh/muc_ws/build/publish_pwm_values/build install --record /home/anirudh/muc_ws/build/publish_pwm_values/install.log --single-version-externally-managed
