[5.761s] Invoking command in '/home/pi/MUC-Hardware-/muc_ws_rpi/src/encoder_reader': PYTHONPATH=/home/pi/MUC-Hardware-/muc_ws_rpi/build/encoder_reader/prefix_override:/home/pi/MUC-Hardware-/muc_ws_rpi/install/encoder_reader/lib/python3.10/site-packages:${PYTHONPATH} /usr/bin/python3 setup.py egg_info --egg-base ../../build/encoder_reader build --build-base /home/pi/MUC-Hardware-/muc_ws_rpi/build/encoder_reader/build install --record /home/pi/MUC-Hardware-/muc_ws_rpi/build/encoder_reader/install.log --single-version-externally-managed
[7.117s] running egg_info
[7.121s] creating ../../build/encoder_reader/encoder_reader.egg-info
[7.122s] writing ../../build/encoder_reader/encoder_reader.egg-info/PKG-INFO
[7.124s] writing dependency_links to ../../build/encoder_reader/encoder_reader.egg-info/dependency_links.txt
[7.124s] writing entry points to ../../build/encoder_reader/encoder_reader.egg-info/entry_points.txt
[7.125s] writing requirements to ../../build/encoder_reader/encoder_reader.egg-info/requires.txt
[7.125s] writing top-level names to ../../build/encoder_reader/encoder_reader.egg-info/top_level.txt
[7.126s] writing manifest file '../../build/encoder_reader/encoder_reader.egg-info/SOURCES.txt'
[7.132s] reading manifest file '../../build/encoder_reader/encoder_reader.egg-info/SOURCES.txt'
[7.135s] writing manifest file '../../build/encoder_reader/encoder_reader.egg-info/SOURCES.txt'
[7.136s] running build
[7.137s] running build_py
[7.138s] creating /home/pi/MUC-Hardware-/muc_ws_rpi/build/encoder_reader/build
[7.139s] creating /home/pi/MUC-Hardware-/muc_ws_rpi/build/encoder_reader/build/lib
[7.140s] creating /home/pi/MUC-Hardware-/muc_ws_rpi/build/encoder_reader/build/lib/encoder_reader
[7.140s] copying encoder_reader/encoder_reader_node.py -> /home/pi/MUC-Hardware-/muc_ws_rpi/build/encoder_reader/build/lib/encoder_reader
[7.140s] copying encoder_reader/__init__.py -> /home/pi/MUC-Hardware-/muc_ws_rpi/build/encoder_reader/build/lib/encoder_reader
[7.141s] running install
[7.141s] running install_lib
[7.149s] creating /home/pi/MUC-Hardware-/muc_ws_rpi/install/encoder_reader/lib/python3.10/site-packages/encoder_reader
[7.150s] copying /home/pi/MUC-Hardware-/muc_ws_rpi/build/encoder_reader/build/lib/encoder_reader/encoder_reader_node.py -> /home/pi/MUC-Hardware-/muc_ws_rpi/install/encoder_reader/lib/python3.10/site-packages/encoder_reader
[7.150s] copying /home/pi/MUC-Hardware-/muc_ws_rpi/build/encoder_reader/build/lib/encoder_reader/__init__.py -> /home/pi/MUC-Hardware-/muc_ws_rpi/install/encoder_reader/lib/python3.10/site-packages/encoder_reader
[7.151s] byte-compiling /home/pi/MUC-Hardware-/muc_ws_rpi/install/encoder_reader/lib/python3.10/site-packages/encoder_reader/encoder_reader_node.py to encoder_reader_node.cpython-310.pyc
[7.154s] byte-compiling /home/pi/MUC-Hardware-/muc_ws_rpi/install/encoder_reader/lib/python3.10/site-packages/encoder_reader/__init__.py to __init__.cpython-310.pyc
[7.155s] running install_data
[7.158s] creating /home/pi/MUC-Hardware-/muc_ws_rpi/install/encoder_reader/share/ament_index
[7.158s] creating /home/pi/MUC-Hardware-/muc_ws_rpi/install/encoder_reader/share/ament_index/resource_index
[7.159s] creating /home/pi/MUC-Hardware-/muc_ws_rpi/install/encoder_reader/share/ament_index/resource_index/packages
[7.160s] copying resource/encoder_reader -> /home/pi/MUC-Hardware-/muc_ws_rpi/install/encoder_reader/share/ament_index/resource_index/packages
[7.160s] copying package.xml -> /home/pi/MUC-Hardware-/muc_ws_rpi/install/encoder_reader/share/encoder_reader
[7.161s] running install_egg_info
[7.168s] Copying ../../build/encoder_reader/encoder_reader.egg-info to /home/pi/MUC-Hardware-/muc_ws_rpi/install/encoder_reader/lib/python3.10/site-packages/encoder_reader-0.0.0-py3.10.egg-info
[7.180s] running install_scripts
[7.287s] Installing encoder_reader_node script to /home/pi/MUC-Hardware-/muc_ws_rpi/install/encoder_reader/lib/encoder_reader
[7.290s] writing list of installed files to '/home/pi/MUC-Hardware-/muc_ws_rpi/build/encoder_reader/install.log'
[7.704s] Invoked command in '/home/pi/MUC-Hardware-/muc_ws_rpi/src/encoder_reader' returned '0': PYTHONPATH=/home/pi/MUC-Hardware-/muc_ws_rpi/build/encoder_reader/prefix_override:/home/pi/MUC-Hardware-/muc_ws_rpi/install/encoder_reader/lib/python3.10/site-packages:${PYTHONPATH} /usr/bin/python3 setup.py egg_info --egg-base ../../build/encoder_reader build --build-base /home/pi/MUC-Hardware-/muc_ws_rpi/build/encoder_reader/build install --record /home/pi/MUC-Hardware-/muc_ws_rpi/build/encoder_reader/install.log --single-version-externally-managed
