[4.749s] DEBUG:colcon:Command line arguments: ['/usr/bin/colcon', 'build']
[4.750s] DEBUG:colcon:Parsed command line arguments: Namespace(log_base=None, log_level=None, verb_name='build', build_base='build', install_base='install', merge_install=False, symlink_install=False, test_result_base=None, continue_on_error=False, executor='parallel', parallel_workers=4, event_handlers=None, ignore_user_meta=False, metas=['./colcon.meta'], base_paths=['.'], packages_ignore=None, packages_ignore_regex=None, paths=None, packages_up_to=None, packages_up_to_regex=None, packages_above=None, packages_above_and_dependencies=None, packages_above_depth=None, packages_select_by_dep=None, packages_skip_by_dep=None, packages_skip_up_to=None, packages_select_build_failed=False, packages_skip_build_finished=False, packages_select_test_failures=False, packages_skip_test_passed=False, packages_select=None, packages_skip=None, packages_select_regex=None, packages_skip_regex=None, packages_start=None, packages_end=None, allow_overriding=[], cmake_args=None, cmake_target=None, cmake_target_skip_unavailable=False, cmake_clean_cache=False, cmake_clean_first=False, cmake_force_configure=False, ament_cmake_args=None, catkin_cmake_args=None, catkin_skip_building_tests=False, verb_parser=<colcon_defaults.argument_parser.defaults.DefaultArgumentsDecorator object at 0xffffb9e44a90>, verb_extension=<colcon_core.verb.build.BuildVerb object at 0xffffba10df60>, main=<bound method BuildVerb.main of <colcon_core.verb.build.BuildVerb object at 0xffffba10df60>>)
[4.972s] Level 1:colcon.colcon_core.package_discovery:discover_packages(colcon_meta) check parameters
[4.972s] Level 1:colcon.colcon_core.package_discovery:discover_packages(recursive) check parameters
[4.972s] Level 1:colcon.colcon_core.package_discovery:discover_packages(ignore) check parameters
[4.973s] Level 1:colcon.colcon_core.package_discovery:discover_packages(path) check parameters
[4.973s] Level 1:colcon.colcon_core.package_discovery:discover_packages(colcon_meta) discover
[4.973s] Level 1:colcon.colcon_core.package_discovery:discover_packages(recursive) discover
[4.973s] INFO:colcon.colcon_core.package_discovery:Crawling recursively for packages in '/home/pi/MUC-Hardware-/muc_ws_rpi'
[4.973s] Level 1:colcon.colcon_core.package_identification:_identify(.) by extensions ['ignore', 'ignore_ament_install']
[4.974s] Level 1:colcon.colcon_core.package_identification:_identify(.) by extension 'ignore'
[4.974s] Level 1:colcon.colcon_core.package_identification:_identify(.) by extension 'ignore_ament_install'
[4.974s] Level 1:colcon.colcon_core.package_identification:_identify(.) by extensions ['colcon_pkg']
[4.974s] Level 1:colcon.colcon_core.package_identification:_identify(.) by extension 'colcon_pkg'
[4.975s] Level 1:colcon.colcon_core.package_identification:_identify(.) by extensions ['colcon_meta']
[4.975s] Level 1:colcon.colcon_core.package_identification:_identify(.) by extension 'colcon_meta'
[4.975s] Level 1:colcon.colcon_core.package_identification:_identify(.) by extensions ['ros']
[4.975s] Level 1:colcon.colcon_core.package_identification:_identify(.) by extension 'ros'
[5.021s] Level 1:colcon.colcon_core.package_identification:_identify(.) by extensions ['cmake', 'python']
[5.022s] Level 1:colcon.colcon_core.package_identification:_identify(.) by extension 'cmake'
[5.022s] Level 1:colcon.colcon_core.package_identification:_identify(.) by extension 'python'
[5.022s] Level 1:colcon.colcon_core.package_identification:_identify(.) by extensions ['python_setup_py']
[5.022s] Level 1:colcon.colcon_core.package_identification:_identify(.) by extension 'python_setup_py'
[5.023s] Level 1:colcon.colcon_core.package_identification:_identify(build) by extensions ['ignore', 'ignore_ament_install']
[5.023s] Level 1:colcon.colcon_core.package_identification:_identify(build) by extension 'ignore'
[5.023s] Level 1:colcon.colcon_core.package_identification:_identify(build) ignored
[5.024s] Level 1:colcon.colcon_core.package_identification:_identify(install) by extensions ['ignore', 'ignore_ament_install']
[5.024s] Level 1:colcon.colcon_core.package_identification:_identify(install) by extension 'ignore'
[5.024s] Level 1:colcon.colcon_core.package_identification:_identify(install) ignored
[5.025s] Level 1:colcon.colcon_core.package_identification:_identify(log) by extensions ['ignore', 'ignore_ament_install']
[5.025s] Level 1:colcon.colcon_core.package_identification:_identify(log) by extension 'ignore'
[5.025s] Level 1:colcon.colcon_core.package_identification:_identify(log) ignored
[5.026s] Level 1:colcon.colcon_core.package_identification:_identify(src) by extensions ['ignore', 'ignore_ament_install']
[5.026s] Level 1:colcon.colcon_core.package_identification:_identify(src) by extension 'ignore'
[5.026s] Level 1:colcon.colcon_core.package_identification:_identify(src) by extension 'ignore_ament_install'
[5.026s] Level 1:colcon.colcon_core.package_identification:_identify(src) by extensions ['colcon_pkg']
[5.026s] Level 1:colcon.colcon_core.package_identification:_identify(src) by extension 'colcon_pkg'
[5.027s] Level 1:colcon.colcon_core.package_identification:_identify(src) by extensions ['colcon_meta']
[5.027s] Level 1:colcon.colcon_core.package_identification:_identify(src) by extension 'colcon_meta'
[5.027s] Level 1:colcon.colcon_core.package_identification:_identify(src) by extensions ['ros']
[5.027s] Level 1:colcon.colcon_core.package_identification:_identify(src) by extension 'ros'
[5.027s] Level 1:colcon.colcon_core.package_identification:_identify(src) by extensions ['cmake', 'python']
[5.027s] Level 1:colcon.colcon_core.package_identification:_identify(src) by extension 'cmake'
[5.028s] Level 1:colcon.colcon_core.package_identification:_identify(src) by extension 'python'
[5.028s] Level 1:colcon.colcon_core.package_identification:_identify(src) by extensions ['python_setup_py']
[5.028s] Level 1:colcon.colcon_core.package_identification:_identify(src) by extension 'python_setup_py'
[5.028s] Level 1:colcon.colcon_core.package_identification:_identify(src/encoder_reader) by extensions ['ignore', 'ignore_ament_install']
[5.029s] Level 1:colcon.colcon_core.package_identification:_identify(src/encoder_reader) by extension 'ignore'
[5.029s] Level 1:colcon.colcon_core.package_identification:_identify(src/encoder_reader) by extension 'ignore_ament_install'
[5.029s] Level 1:colcon.colcon_core.package_identification:_identify(src/encoder_reader) by extensions ['colcon_pkg']
[5.029s] Level 1:colcon.colcon_core.package_identification:_identify(src/encoder_reader) by extension 'colcon_pkg'
[5.029s] Level 1:colcon.colcon_core.package_identification:_identify(src/encoder_reader) by extensions ['colcon_meta']
[5.029s] Level 1:colcon.colcon_core.package_identification:_identify(src/encoder_reader) by extension 'colcon_meta'
[5.030s] Level 1:colcon.colcon_core.package_identification:_identify(src/encoder_reader) by extensions ['ros']
[5.030s] Level 1:colcon.colcon_core.package_identification:_identify(src/encoder_reader) by extension 'ros'
[5.040s] DEBUG:colcon.colcon_core.package_identification:Package 'src/encoder_reader' with type 'ros.ament_python' and name 'encoder_reader'
[5.041s] Level 1:colcon.colcon_core.package_identification:_identify(src/motor_control) by extensions ['ignore', 'ignore_ament_install']
[5.041s] Level 1:colcon.colcon_core.package_identification:_identify(src/motor_control) by extension 'ignore'
[5.042s] Level 1:colcon.colcon_core.package_identification:_identify(src/motor_control) by extension 'ignore_ament_install'
[5.042s] Level 1:colcon.colcon_core.package_identification:_identify(src/motor_control) by extensions ['colcon_pkg']
[5.042s] Level 1:colcon.colcon_core.package_identification:_identify(src/motor_control) by extension 'colcon_pkg'
[5.042s] Level 1:colcon.colcon_core.package_identification:_identify(src/motor_control) by extensions ['colcon_meta']
[5.042s] Level 1:colcon.colcon_core.package_identification:_identify(src/motor_control) by extension 'colcon_meta'
[5.042s] Level 1:colcon.colcon_core.package_identification:_identify(src/motor_control) by extensions ['ros']
[5.043s] Level 1:colcon.colcon_core.package_identification:_identify(src/motor_control) by extension 'ros'
[5.045s] DEBUG:colcon.colcon_core.package_identification:Package 'src/motor_control' with type 'ros.ament_python' and name 'motor_control'
[5.045s] Level 1:colcon.colcon_core.package_discovery:discover_packages(recursive) using defaults
[5.046s] Level 1:colcon.colcon_core.package_discovery:discover_packages(ignore) discover
[5.046s] Level 1:colcon.colcon_core.package_discovery:discover_packages(ignore) using defaults
[5.046s] Level 1:colcon.colcon_core.package_discovery:discover_packages(path) discover
[5.046s] Level 1:colcon.colcon_core.package_discovery:discover_packages(path) using defaults
[5.459s] Level 1:colcon.colcon_core.package_discovery:discover_packages(prefix_path) check parameters
[5.459s] Level 1:colcon.colcon_core.package_discovery:discover_packages(prefix_path) discover
[5.598s] DEBUG:colcon.colcon_installed_package_information.package_discovery:Found 2 installed packages in /home/pi/MUC-Hardware-/muc_ws_rpi/install
[5.671s] DEBUG:colcon.colcon_installed_package_information.package_discovery:Found 270 installed packages in /opt/ros/humble
[5.677s] Level 1:colcon.colcon_core.package_discovery:discover_packages(prefix_path) using defaults
[6.145s] Level 5:colcon.colcon_core.verb:set package 'encoder_reader' build argument 'cmake_args' from command line to 'None'
[6.145s] Level 5:colcon.colcon_core.verb:set package 'encoder_reader' build argument 'cmake_target' from command line to 'None'
[6.145s] Level 5:colcon.colcon_core.verb:set package 'encoder_reader' build argument 'cmake_target_skip_unavailable' from command line to 'False'
[6.145s] Level 5:colcon.colcon_core.verb:set package 'encoder_reader' build argument 'cmake_clean_cache' from command line to 'False'
[6.145s] Level 5:colcon.colcon_core.verb:set package 'encoder_reader' build argument 'cmake_clean_first' from command line to 'False'
[6.145s] Level 5:colcon.colcon_core.verb:set package 'encoder_reader' build argument 'cmake_force_configure' from command line to 'False'
[6.145s] Level 5:colcon.colcon_core.verb:set package 'encoder_reader' build argument 'ament_cmake_args' from command line to 'None'
[6.146s] Level 5:colcon.colcon_core.verb:set package 'encoder_reader' build argument 'catkin_cmake_args' from command line to 'None'
[6.146s] Level 5:colcon.colcon_core.verb:set package 'encoder_reader' build argument 'catkin_skip_building_tests' from command line to 'False'
[6.146s] DEBUG:colcon.colcon_core.verb:Building package 'encoder_reader' with the following arguments: {'ament_cmake_args': None, 'build_base': '/home/pi/MUC-Hardware-/muc_ws_rpi/build/encoder_reader', 'catkin_cmake_args': None, 'catkin_skip_building_tests': False, 'cmake_args': None, 'cmake_clean_cache': False, 'cmake_clean_first': False, 'cmake_force_configure': False, 'cmake_target': None, 'cmake_target_skip_unavailable': False, 'install_base': '/home/pi/MUC-Hardware-/muc_ws_rpi/install/encoder_reader', 'merge_install': False, 'path': '/home/pi/MUC-Hardware-/muc_ws_rpi/src/encoder_reader', 'symlink_install': False, 'test_result_base': None}
[6.213s] Level 5:colcon.colcon_core.verb:set package 'motor_control' build argument 'cmake_args' from command line to 'None'
[6.213s] Level 5:colcon.colcon_core.verb:set package 'motor_control' build argument 'cmake_target' from command line to 'None'
[6.213s] Level 5:colcon.colcon_core.verb:set package 'motor_control' build argument 'cmake_target_skip_unavailable' from command line to 'False'
[6.214s] Level 5:colcon.colcon_core.verb:set package 'motor_control' build argument 'cmake_clean_cache' from command line to 'False'
[6.214s] Level 5:colcon.colcon_core.verb:set package 'motor_control' build argument 'cmake_clean_first' from command line to 'False'
[6.214s] Level 5:colcon.colcon_core.verb:set package 'motor_control' build argument 'cmake_force_configure' from command line to 'False'
[6.214s] Level 5:colcon.colcon_core.verb:set package 'motor_control' build argument 'ament_cmake_args' from command line to 'None'
[6.214s] Level 5:colcon.colcon_core.verb:set package 'motor_control' build argument 'catkin_cmake_args' from command line to 'None'
[6.214s] Level 5:colcon.colcon_core.verb:set package 'motor_control' build argument 'catkin_skip_building_tests' from command line to 'False'
[6.214s] DEBUG:colcon.colcon_core.verb:Building package 'motor_control' with the following arguments: {'ament_cmake_args': None, 'build_base': '/home/pi/MUC-Hardware-/muc_ws_rpi/build/motor_control', 'catkin_cmake_args': None, 'catkin_skip_building_tests': False, 'cmake_args': None, 'cmake_clean_cache': False, 'cmake_clean_first': False, 'cmake_force_configure': False, 'cmake_target': None, 'cmake_target_skip_unavailable': False, 'install_base': '/home/pi/MUC-Hardware-/muc_ws_rpi/install/motor_control', 'merge_install': False, 'path': '/home/pi/MUC-Hardware-/muc_ws_rpi/src/motor_control', 'symlink_install': False, 'test_result_base': None}
[6.281s] INFO:colcon.colcon_core.executor:Executing jobs using 'parallel' executor
[6.351s] DEBUG:colcon.colcon_parallel_executor.executor.parallel:run_until_complete
[6.352s] INFO:colcon.colcon_ros.task.ament_python.build:Building ROS package in '/home/pi/MUC-Hardware-/muc_ws_rpi/src/encoder_reader' with build type 'ament_python'
[6.353s] Level 1:colcon.colcon_core.shell:create_environment_hook('encoder_reader', 'ament_prefix_path')
[6.429s] INFO:colcon.colcon_core.plugin_system:Skipping extension 'colcon_core.shell.bat': Not used on non-Windows systems
[6.430s] INFO:colcon.colcon_core.shell:Creating environment hook '/home/pi/MUC-Hardware-/muc_ws_rpi/install/encoder_reader/share/encoder_reader/hook/ament_prefix_path.ps1'
[6.432s] INFO:colcon.colcon_core.shell:Creating environment descriptor '/home/pi/MUC-Hardware-/muc_ws_rpi/install/encoder_reader/share/encoder_reader/hook/ament_prefix_path.dsv'
[6.434s] INFO:colcon.colcon_core.shell:Creating environment hook '/home/pi/MUC-Hardware-/muc_ws_rpi/install/encoder_reader/share/encoder_reader/hook/ament_prefix_path.sh'
[6.508s] INFO:colcon.colcon_core.shell:Skip shell extension 'powershell' for command environment: Not usable outside of PowerShell
[6.509s] DEBUG:colcon.colcon_core.shell:Skip shell extension 'dsv' for command environment
[6.728s] INFO:colcon.colcon_ros.task.ament_python.build:Building ROS package in '/home/pi/MUC-Hardware-/muc_ws_rpi/src/motor_control' with build type 'ament_python'
[6.728s] Level 1:colcon.colcon_core.shell:create_environment_hook('motor_control', 'ament_prefix_path')
[6.800s] INFO:colcon.colcon_core.shell:Creating environment hook '/home/pi/MUC-Hardware-/muc_ws_rpi/install/motor_control/share/motor_control/hook/ament_prefix_path.ps1'
[6.802s] INFO:colcon.colcon_core.shell:Creating environment descriptor '/home/pi/MUC-Hardware-/muc_ws_rpi/install/motor_control/share/motor_control/hook/ament_prefix_path.dsv'
[6.804s] INFO:colcon.colcon_core.shell:Creating environment hook '/home/pi/MUC-Hardware-/muc_ws_rpi/install/motor_control/share/motor_control/hook/ament_prefix_path.sh'
[6.874s] INFO:colcon.colcon_core.shell:Skip shell extension 'powershell' for command environment: Not usable outside of PowerShell
[6.874s] DEBUG:colcon.colcon_core.shell:Skip shell extension 'dsv' for command environment
[8.361s] INFO:colcon.colcon_core.task.python.build:Building Python package in '/home/pi/MUC-Hardware-/muc_ws_rpi/src/encoder_reader'
[8.431s] INFO:colcon.colcon_core.shell:Skip shell extension 'powershell' for command environment: Not usable outside of PowerShell
[8.431s] DEBUG:colcon.colcon_core.shell:Skip shell extension 'dsv' for command environment
[9.926s] INFO:colcon.colcon_core.task.python.build:Building Python package in '/home/pi/MUC-Hardware-/muc_ws_rpi/src/motor_control'
[9.997s] INFO:colcon.colcon_core.shell:Skip shell extension 'powershell' for command environment: Not usable outside of PowerShell
[9.997s] DEBUG:colcon.colcon_core.shell:Skip shell extension 'dsv' for command environment
[12.120s] DEBUG:colcon.colcon_core.event_handler.log_command:Invoking command in '/home/pi/MUC-Hardware-/muc_ws_rpi/src/encoder_reader': PYTHONPATH=/home/pi/MUC-Hardware-/muc_ws_rpi/build/encoder_reader/prefix_override:/home/pi/MUC-Hardware-/muc_ws_rpi/install/encoder_reader/lib/python3.10/site-packages:${PYTHONPATH} /usr/bin/python3 setup.py egg_info --egg-base ../../build/encoder_reader build --build-base /home/pi/MUC-Hardware-/muc_ws_rpi/build/encoder_reader/build install --record /home/pi/MUC-Hardware-/muc_ws_rpi/build/encoder_reader/install.log --single-version-externally-managed
[12.140s] DEBUG:colcon.colcon_core.event_handler.log_command:Invoking command in '/home/pi/MUC-Hardware-/muc_ws_rpi/src/motor_control': PYTHONPATH=/home/pi/MUC-Hardware-/muc_ws_rpi/build/motor_control/prefix_override:/home/pi/MUC-Hardware-/muc_ws_rpi/install/motor_control/lib/python3.10/site-packages:${PYTHONPATH} /usr/bin/python3 setup.py egg_info --egg-base ../../build/motor_control build --build-base /home/pi/MUC-Hardware-/muc_ws_rpi/build/motor_control/build install --record /home/pi/MUC-Hardware-/muc_ws_rpi/build/motor_control/install.log --single-version-externally-managed
[13.822s] DEBUG:colcon.colcon_core.event_handler.log_command:Invoked command in '/home/pi/MUC-Hardware-/muc_ws_rpi/src/encoder_reader' returned '0': PYTHONPATH=/home/pi/MUC-Hardware-/muc_ws_rpi/build/encoder_reader/prefix_override:/home/pi/MUC-Hardware-/muc_ws_rpi/install/encoder_reader/lib/python3.10/site-packages:${PYTHONPATH} /usr/bin/python3 setup.py egg_info --egg-base ../../build/encoder_reader build --build-base /home/pi/MUC-Hardware-/muc_ws_rpi/build/encoder_reader/build install --record /home/pi/MUC-Hardware-/muc_ws_rpi/build/encoder_reader/install.log --single-version-externally-managed
[13.903s] Level 1:colcon.colcon_core.environment:checking '/home/pi/MUC-Hardware-/muc_ws_rpi/install/encoder_reader' for CMake module files
[13.906s] Level 1:colcon.colcon_core.environment:checking '/home/pi/MUC-Hardware-/muc_ws_rpi/install/encoder_reader' for CMake config files
[13.909s] Level 1:colcon.colcon_core.environment:checking '/home/pi/MUC-Hardware-/muc_ws_rpi/install/encoder_reader/lib'
[13.910s] Level 1:colcon.colcon_core.environment:checking '/home/pi/MUC-Hardware-/muc_ws_rpi/install/encoder_reader/bin'
[13.910s] Level 1:colcon.colcon_core.environment:checking '/home/pi/MUC-Hardware-/muc_ws_rpi/install/encoder_reader/lib/pkgconfig/encoder_reader.pc'
[13.911s] Level 1:colcon.colcon_core.environment:checking '/home/pi/MUC-Hardware-/muc_ws_rpi/install/encoder_reader/lib/python3.10/site-packages'
[13.912s] Level 1:colcon.colcon_core.shell:create_environment_hook('encoder_reader', 'pythonpath')
[13.979s] INFO:colcon.colcon_core.shell:Creating environment hook '/home/pi/MUC-Hardware-/muc_ws_rpi/install/encoder_reader/share/encoder_reader/hook/pythonpath.ps1'
[13.982s] INFO:colcon.colcon_core.shell:Creating environment descriptor '/home/pi/MUC-Hardware-/muc_ws_rpi/install/encoder_reader/share/encoder_reader/hook/pythonpath.dsv'
[13.983s] INFO:colcon.colcon_core.shell:Creating environment hook '/home/pi/MUC-Hardware-/muc_ws_rpi/install/encoder_reader/share/encoder_reader/hook/pythonpath.sh'
[13.985s] Level 1:colcon.colcon_core.environment:checking '/home/pi/MUC-Hardware-/muc_ws_rpi/install/encoder_reader/bin'
[13.986s] Level 1:colcon.colcon_core.environment:create_environment_scripts_only(encoder_reader)
[14.059s] INFO:colcon.colcon_core.shell:Creating package script '/home/pi/MUC-Hardware-/muc_ws_rpi/install/encoder_reader/share/encoder_reader/package.ps1'
[14.062s] INFO:colcon.colcon_core.shell:Creating package descriptor '/home/pi/MUC-Hardware-/muc_ws_rpi/install/encoder_reader/share/encoder_reader/package.dsv'
[14.065s] INFO:colcon.colcon_core.shell:Creating package script '/home/pi/MUC-Hardware-/muc_ws_rpi/install/encoder_reader/share/encoder_reader/package.sh'
[14.069s] INFO:colcon.colcon_core.shell:Creating package script '/home/pi/MUC-Hardware-/muc_ws_rpi/install/encoder_reader/share/encoder_reader/package.bash'
[14.072s] INFO:colcon.colcon_core.shell:Creating package script '/home/pi/MUC-Hardware-/muc_ws_rpi/install/encoder_reader/share/encoder_reader/package.zsh'
[14.075s] Level 1:colcon.colcon_core.environment:create_file_with_runtime_dependencies(/home/pi/MUC-Hardware-/muc_ws_rpi/install/encoder_reader/share/colcon-core/packages/encoder_reader)
[14.082s] DEBUG:colcon.colcon_core.event_handler.log_command:Invoked command in '/home/pi/MUC-Hardware-/muc_ws_rpi/src/motor_control' returned '0': PYTHONPATH=/home/pi/MUC-Hardware-/muc_ws_rpi/build/motor_control/prefix_override:/home/pi/MUC-Hardware-/muc_ws_rpi/install/motor_control/lib/python3.10/site-packages:${PYTHONPATH} /usr/bin/python3 setup.py egg_info --egg-base ../../build/motor_control build --build-base /home/pi/MUC-Hardware-/muc_ws_rpi/build/motor_control/build install --record /home/pi/MUC-Hardware-/muc_ws_rpi/build/motor_control/install.log --single-version-externally-managed
[14.153s] Level 1:colcon.colcon_core.environment:checking '/home/pi/MUC-Hardware-/muc_ws_rpi/install/motor_control' for CMake module files
[14.155s] Level 1:colcon.colcon_core.environment:checking '/home/pi/MUC-Hardware-/muc_ws_rpi/install/motor_control' for CMake config files
[14.158s] Level 1:colcon.colcon_core.environment:checking '/home/pi/MUC-Hardware-/muc_ws_rpi/install/motor_control/lib'
[14.158s] Level 1:colcon.colcon_core.environment:checking '/home/pi/MUC-Hardware-/muc_ws_rpi/install/motor_control/bin'
[14.159s] Level 1:colcon.colcon_core.environment:checking '/home/pi/MUC-Hardware-/muc_ws_rpi/install/motor_control/lib/pkgconfig/motor_control.pc'
[14.160s] Level 1:colcon.colcon_core.environment:checking '/home/pi/MUC-Hardware-/muc_ws_rpi/install/motor_control/lib/python3.10/site-packages'
[14.160s] Level 1:colcon.colcon_core.shell:create_environment_hook('motor_control', 'pythonpath')
[14.227s] INFO:colcon.colcon_core.shell:Creating environment hook '/home/pi/MUC-Hardware-/muc_ws_rpi/install/motor_control/share/motor_control/hook/pythonpath.ps1'
[14.229s] INFO:colcon.colcon_core.shell:Creating environment descriptor '/home/pi/MUC-Hardware-/muc_ws_rpi/install/motor_control/share/motor_control/hook/pythonpath.dsv'
[14.231s] INFO:colcon.colcon_core.shell:Creating environment hook '/home/pi/MUC-Hardware-/muc_ws_rpi/install/motor_control/share/motor_control/hook/pythonpath.sh'
[14.234s] Level 1:colcon.colcon_core.environment:checking '/home/pi/MUC-Hardware-/muc_ws_rpi/install/motor_control/bin'
[14.235s] Level 1:colcon.colcon_core.environment:create_environment_scripts_only(motor_control)
[14.304s] INFO:colcon.colcon_core.shell:Creating package script '/home/pi/MUC-Hardware-/muc_ws_rpi/install/motor_control/share/motor_control/package.ps1'
[14.307s] INFO:colcon.colcon_core.shell:Creating package descriptor '/home/pi/MUC-Hardware-/muc_ws_rpi/install/motor_control/share/motor_control/package.dsv'
[14.309s] INFO:colcon.colcon_core.shell:Creating package script '/home/pi/MUC-Hardware-/muc_ws_rpi/install/motor_control/share/motor_control/package.sh'
[14.311s] INFO:colcon.colcon_core.shell:Creating package script '/home/pi/MUC-Hardware-/muc_ws_rpi/install/motor_control/share/motor_control/package.bash'
[14.313s] INFO:colcon.colcon_core.shell:Creating package script '/home/pi/MUC-Hardware-/muc_ws_rpi/install/motor_control/share/motor_control/package.zsh'
[14.315s] Level 1:colcon.colcon_core.environment:create_file_with_runtime_dependencies(/home/pi/MUC-Hardware-/muc_ws_rpi/install/motor_control/share/colcon-core/packages/motor_control)
[14.316s] DEBUG:colcon.colcon_parallel_executor.executor.parallel:closing loop
[14.317s] DEBUG:colcon.colcon_parallel_executor.executor.parallel:loop closed
[14.317s] DEBUG:colcon.colcon_parallel_executor.executor.parallel:run_until_complete finished with '0'
[14.318s] DEBUG:colcon.colcon_core.event_reactor:joining thread
[14.406s] INFO:colcon.colcon_core.plugin_system:Skipping extension 'colcon_notification.desktop_notification.terminal_notifier': Not used on non-Darwin systems
[14.407s] INFO:colcon.colcon_core.plugin_system:Skipping extension 'colcon_notification.desktop_notification.win32': Not used on non-Windows systems
[14.407s] INFO:colcon.colcon_notification.desktop_notification:Sending desktop notification using 'notify2'
[14.460s] DEBUG:colcon.colcon_core.event_reactor:joined thread
[14.544s] INFO:colcon.colcon_core.shell:Creating prefix script '/home/pi/MUC-Hardware-/muc_ws_rpi/install/local_setup.ps1'
[14.547s] INFO:colcon.colcon_core.shell:Creating prefix util module '/home/pi/MUC-Hardware-/muc_ws_rpi/install/_local_setup_util_ps1.py'
[14.552s] INFO:colcon.colcon_core.shell:Creating prefix chain script '/home/pi/MUC-Hardware-/muc_ws_rpi/install/setup.ps1'
[14.623s] INFO:colcon.colcon_core.shell:Creating prefix script '/home/pi/MUC-Hardware-/muc_ws_rpi/install/local_setup.sh'
[14.626s] INFO:colcon.colcon_core.shell:Creating prefix util module '/home/pi/MUC-Hardware-/muc_ws_rpi/install/_local_setup_util_sh.py'
[14.628s] INFO:colcon.colcon_core.shell:Creating prefix chain script '/home/pi/MUC-Hardware-/muc_ws_rpi/install/setup.sh'
[14.699s] INFO:colcon.colcon_core.shell:Creating prefix script '/home/pi/MUC-Hardware-/muc_ws_rpi/install/local_setup.bash'
[14.702s] INFO:colcon.colcon_core.shell:Creating prefix chain script '/home/pi/MUC-Hardware-/muc_ws_rpi/install/setup.bash'
[14.771s] INFO:colcon.colcon_core.shell:Creating prefix script '/home/pi/MUC-Hardware-/muc_ws_rpi/install/local_setup.zsh'
[14.774s] INFO:colcon.colcon_core.shell:Creating prefix chain script '/home/pi/MUC-Hardware-/muc_ws_rpi/install/setup.zsh'
