[0.772s] Invoking command in '/home/anirudh/muc_ws/src/publish_pwm_values': PYTHONPATH=/home/anirudh/muc_ws/build/publish_pwm_values/prefix_override:/home/anirudh/muc_ws/install/publish_pwm_values/lib/python3.10/site-packages:${PYTHONPATH} /usr/bin/python3 setup.py egg_info --egg-base ../../build/publish_pwm_values build --build-base /home/anirudh/muc_ws/build/publish_pwm_values/build install --record /home/anirudh/muc_ws/build/publish_pwm_values/install.log --single-version-externally-managed
[0.920s] running egg_info
[0.921s] writing ../../build/publish_pwm_values/publish_pwm_values.egg-info/PKG-INFO
[0.930s] writing dependency_links to ../../build/publish_pwm_values/publish_pwm_values.egg-info/dependency_links.txt
[0.931s] writing entry points to ../../build/publish_pwm_values/publish_pwm_values.egg-info/entry_points.txt
[0.931s] writing requirements to ../../build/publish_pwm_values/publish_pwm_values.egg-info/requires.txt
[0.931s] writing top-level names to ../../build/publish_pwm_values/publish_pwm_values.egg-info/top_level.txt
[0.932s] reading manifest file '../../build/publish_pwm_values/publish_pwm_values.egg-info/SOURCES.txt'
[0.933s] writing manifest file '../../build/publish_pwm_values/publish_pwm_values.egg-info/SOURCES.txt'
[0.933s] running build
[0.933s] running build_py
[0.934s] running install
[0.934s] running install_lib
[0.935s] running install_data
[0.935s] running install_egg_info
[0.936s] removing '/home/anirudh/muc_ws/install/publish_pwm_values/lib/python3.10/site-packages/publish_pwm_values-0.0.0-py3.10.egg-info' (and everything under it)
[0.937s] Copying ../../build/publish_pwm_values/publish_pwm_values.egg-info to /home/anirudh/muc_ws/install/publish_pwm_values/lib/python3.10/site-packages/publish_pwm_values-0.0.0-py3.10.egg-info
[0.937s] running install_scripts
[0.951s] Installing publish_pwm_values script to /home/anirudh/muc_ws/install/publish_pwm_values/lib/publish_pwm_values
[0.952s] writing list of installed files to '/home/anirudh/muc_ws/build/publish_pwm_values/install.log'
[0.990s] Invoked command in '/home/anirudh/muc_ws/src/publish_pwm_values' returned '0': PYTHONPATH=/home/anirudh/muc_ws/build/publish_pwm_values/prefix_override:/home/anirudh/muc_ws/install/publish_pwm_values/lib/python3.10/site-packages:${PYTHONPATH} /usr/bin/python3 setup.py egg_info --egg-base ../../build/publish_pwm_values build --build-base /home/anirudh/muc_ws/build/publish_pwm_values/build install --record /home/anirudh/muc_ws/build/publish_pwm_values/install.log --single-version-externally-managed
