[0.350s] Invoking command in '/home/anirudh/muc_ws/src/publish_pwm_values': PYTHONPATH=/home/anirudh/muc_ws/build/publish_pwm_values/prefix_override:/home/anirudh/muc_ws/install/publish_pwm_values/lib/python3.10/site-packages: /usr/bin/python3 setup.py egg_info --egg-base ../../build/publish_pwm_values build --build-base /home/anirudh/muc_ws/build/publish_pwm_values/build install --record /home/anirudh/muc_ws/build/publish_pwm_values/install.log --single-version-externally-managed
[0.470s] running egg_info
[0.470s] writing ../../build/publish_pwm_values/publish_pwm_values.egg-info/PKG-INFO
[0.470s] writing dependency_links to ../../build/publish_pwm_values/publish_pwm_values.egg-info/dependency_links.txt
[0.471s] writing entry points to ../../build/publish_pwm_values/publish_pwm_values.egg-info/entry_points.txt
[0.471s] writing requirements to ../../build/publish_pwm_values/publish_pwm_values.egg-info/requires.txt
[0.471s] writing top-level names to ../../build/publish_pwm_values/publish_pwm_values.egg-info/top_level.txt
[0.471s] reading manifest file '../../build/publish_pwm_values/publish_pwm_values.egg-info/SOURCES.txt'
[0.472s] writing manifest file '../../build/publish_pwm_values/publish_pwm_values.egg-info/SOURCES.txt'
[0.472s] running build
[0.472s] running build_py
[0.472s] copying publish_pwm_values/publish_pwm_values.py -> /home/anirudh/muc_ws/build/publish_pwm_values/build/lib/publish_pwm_values
[0.472s] running install
[0.473s] running install_lib
[0.473s] copying /home/anirudh/muc_ws/build/publish_pwm_values/build/lib/publish_pwm_values/publish_pwm_values.py -> /home/anirudh/muc_ws/install/publish_pwm_values/lib/python3.10/site-packages/publish_pwm_values
[0.473s] byte-compiling /home/anirudh/muc_ws/install/publish_pwm_values/lib/python3.10/site-packages/publish_pwm_values/publish_pwm_values.py to publish_pwm_values.cpython-310.pyc
[0.473s] running install_data
[0.474s] running install_egg_info
[0.475s] removing '/home/anirudh/muc_ws/install/publish_pwm_values/lib/python3.10/site-packages/publish_pwm_values-0.0.0-py3.10.egg-info' (and everything under it)
[0.475s] Copying ../../build/publish_pwm_values/publish_pwm_values.egg-info to /home/anirudh/muc_ws/install/publish_pwm_values/lib/python3.10/site-packages/publish_pwm_values-0.0.0-py3.10.egg-info
[0.475s] running install_scripts
[0.487s] Installing publish_pwm_values script to /home/anirudh/muc_ws/install/publish_pwm_values/lib/publish_pwm_values
[0.487s] writing list of installed files to '/home/anirudh/muc_ws/build/publish_pwm_values/install.log'
[0.501s] Invoked command in '/home/anirudh/muc_ws/src/publish_pwm_values' returned '0': PYTHONPATH=/home/anirudh/muc_ws/build/publish_pwm_values/prefix_override:/home/anirudh/muc_ws/install/publish_pwm_values/lib/python3.10/site-packages: /usr/bin/python3 setup.py egg_info --egg-base ../../build/publish_pwm_values build --build-base /home/anirudh/muc_ws/build/publish_pwm_values/build install --record /home/anirudh/muc_ws/build/publish_pwm_values/install.log --single-version-externally-managed
