[0.708s] Invoking command in '/home/anirudh/muc_ws/src/publish_pwm_values': PYTHONPATH=/home/anirudh/muc_ws/build/publish_pwm_values/prefix_override:/home/anirudh/muc_ws/install/publish_pwm_values/lib/python3.10/site-packages:${PYTHONPATH} /usr/bin/python3 setup.py egg_info --egg-base ../../build/publish_pwm_values build --build-base /home/anirudh/muc_ws/build/publish_pwm_values/build install --record /home/anirudh/muc_ws/build/publish_pwm_values/install.log --single-version-externally-managed
[0.858s] running egg_info
[0.858s] writing ../../build/publish_pwm_values/publish_pwm_values.egg-info/PKG-INFO
[0.859s] writing dependency_links to ../../build/publish_pwm_values/publish_pwm_values.egg-info/dependency_links.txt
[0.859s] writing entry points to ../../build/publish_pwm_values/publish_pwm_values.egg-info/entry_points.txt
[0.859s] writing requirements to ../../build/publish_pwm_values/publish_pwm_values.egg-info/requires.txt
[0.859s] writing top-level names to ../../build/publish_pwm_values/publish_pwm_values.egg-info/top_level.txt
[0.860s] reading manifest file '../../build/publish_pwm_values/publish_pwm_values.egg-info/SOURCES.txt'
[0.861s] writing manifest file '../../build/publish_pwm_values/publish_pwm_values.egg-info/SOURCES.txt'
[0.861s] running build
[0.861s] running build_py
[0.861s] running install
[0.861s] running install_lib
[0.862s] running install_data
[0.862s] running install_egg_info
[0.863s] removing '/home/anirudh/muc_ws/install/publish_pwm_values/lib/python3.10/site-packages/publish_pwm_values-0.0.0-py3.10.egg-info' (and everything under it)
[0.863s] Copying ../../build/publish_pwm_values/publish_pwm_values.egg-info to /home/anirudh/muc_ws/install/publish_pwm_values/lib/python3.10/site-packages/publish_pwm_values-0.0.0-py3.10.egg-info
[0.864s] running install_scripts
[0.877s] Installing publish_pwm_values script to /home/anirudh/muc_ws/install/publish_pwm_values/lib/publish_pwm_values
[0.877s] writing list of installed files to '/home/anirudh/muc_ws/build/publish_pwm_values/install.log'
[0.894s] Invoked command in '/home/anirudh/muc_ws/src/publish_pwm_values' returned '0': PYTHONPATH=/home/anirudh/muc_ws/build/publish_pwm_values/prefix_override:/home/anirudh/muc_ws/install/publish_pwm_values/lib/python3.10/site-packages:${PYTHONPATH} /usr/bin/python3 setup.py egg_info --egg-base ../../build/publish_pwm_values build --build-base /home/anirudh/muc_ws/build/publish_pwm_values/build install --record /home/anirudh/muc_ws/build/publish_pwm_values/install.log --single-version-externally-managed
