[5.058s] DEBUG:colcon:Command line arguments: ['/usr/bin/colcon', 'build']
[5.058s] DEBUG:colcon:Parsed command line arguments: Namespace(log_base=None, log_level=None, verb_name='build', build_base='build', install_base='install', merge_install=False, symlink_install=False, test_result_base=None, continue_on_error=False, executor='parallel', parallel_workers=4, event_handlers=None, ignore_user_meta=False, metas=['./colcon.meta'], base_paths=['.'], packages_ignore=None, packages_ignore_regex=None, paths=None, packages_up_to=None, packages_up_to_regex=None, packages_above=None, packages_above_and_dependencies=None, packages_above_depth=None, packages_select_by_dep=None, packages_skip_by_dep=None, packages_skip_up_to=None, packages_select_build_failed=False, packages_skip_build_finished=False, packages_select_test_failures=False, packages_skip_test_passed=False, packages_select=None, packages_skip=None, packages_select_regex=None, packages_skip_regex=None, packages_start=None, packages_end=None, allow_overriding=[], cmake_args=None, cmake_target=None, cmake_target_skip_unavailable=False, cmake_clean_cache=False, cmake_clean_first=False, cmake_force_configure=False, ament_cmake_args=None, catkin_cmake_args=None, catkin_skip_building_tests=False, verb_parser=<colcon_defaults.argument_parser.defaults.DefaultArgumentsDecorator object at 0xffff85142f20>, verb_extension=<colcon_core.verb.build.BuildVerb object at 0xffff853efe50>, main=<bound method BuildVerb.main of <colcon_core.verb.build.BuildVerb object at 0xffff853efe50>>)
[5.368s] Level 1:colcon.colcon_core.package_discovery:discover_packages(colcon_meta) check parameters
[5.369s] Level 1:colcon.colcon_core.package_discovery:discover_packages(recursive) check parameters
[5.369s] Level 1:colcon.colcon_core.package_discovery:discover_packages(ignore) check parameters
[5.369s] Level 1:colcon.colcon_core.package_discovery:discover_packages(path) check parameters
[5.369s] Level 1:colcon.colcon_core.package_discovery:discover_packages(colcon_meta) discover
[5.370s] Level 1:colcon.colcon_core.package_discovery:discover_packages(recursive) discover
[5.370s] INFO:colcon.colcon_core.package_discovery:Crawling recursively for packages in '/home/pi/MUC-Hardware-/muc_ws_rpi'
[5.370s] Level 1:colcon.colcon_core.package_identification:_identify(.) by extensions ['ignore', 'ignore_ament_install']
[5.371s] Level 1:colcon.colcon_core.package_identification:_identify(.) by extension 'ignore'
[5.371s] Level 1:colcon.colcon_core.package_identification:_identify(.) by extension 'ignore_ament_install'
[5.371s] Level 1:colcon.colcon_core.package_identification:_identify(.) by extensions ['colcon_pkg']
[5.371s] Level 1:colcon.colcon_core.package_identification:_identify(.) by extension 'colcon_pkg'
[5.371s] Level 1:colcon.colcon_core.package_identification:_identify(.) by extensions ['colcon_meta']
[5.371s] Level 1:colcon.colcon_core.package_identification:_identify(.) by extension 'colcon_meta'
[5.372s] Level 1:colcon.colcon_core.package_identification:_identify(.) by extensions ['ros']
[5.372s] Level 1:colcon.colcon_core.package_identification:_identify(.) by extension 'ros'
[5.415s] Level 1:colcon.colcon_core.package_identification:_identify(.) by extensions ['cmake', 'python']
[5.416s] Level 1:colcon.colcon_core.package_identification:_identify(.) by extension 'cmake'
[5.416s] Level 1:colcon.colcon_core.package_identification:_identify(.) by extension 'python'
[5.416s] Level 1:colcon.colcon_core.package_identification:_identify(.) by extensions ['python_setup_py']
[5.416s] Level 1:colcon.colcon_core.package_identification:_identify(.) by extension 'python_setup_py'
[5.417s] Level 1:colcon.colcon_core.package_identification:_identify(build) by extensions ['ignore', 'ignore_ament_install']
[5.417s] Level 1:colcon.colcon_core.package_identification:_identify(build) by extension 'ignore'
[5.417s] Level 1:colcon.colcon_core.package_identification:_identify(build) ignored
[5.418s] Level 1:colcon.colcon_core.package_identification:_identify(install) by extensions ['ignore', 'ignore_ament_install']
[5.418s] Level 1:colcon.colcon_core.package_identification:_identify(install) by extension 'ignore'
[5.418s] Level 1:colcon.colcon_core.package_identification:_identify(install) ignored
[5.419s] Level 1:colcon.colcon_core.package_identification:_identify(log) by extensions ['ignore', 'ignore_ament_install']
[5.419s] Level 1:colcon.colcon_core.package_identification:_identify(log) by extension 'ignore'
[5.419s] Level 1:colcon.colcon_core.package_identification:_identify(log) ignored
[5.419s] Level 1:colcon.colcon_core.package_identification:_identify(src) by extensions ['ignore', 'ignore_ament_install']
[5.420s] Level 1:colcon.colcon_core.package_identification:_identify(src) by extension 'ignore'
[5.420s] Level 1:colcon.colcon_core.package_identification:_identify(src) by extension 'ignore_ament_install'
[5.420s] Level 1:colcon.colcon_core.package_identification:_identify(src) by extensions ['colcon_pkg']
[5.420s] Level 1:colcon.colcon_core.package_identification:_identify(src) by extension 'colcon_pkg'
[5.420s] Level 1:colcon.colcon_core.package_identification:_identify(src) by extensions ['colcon_meta']
[5.421s] Level 1:colcon.colcon_core.package_identification:_identify(src) by extension 'colcon_meta'
[5.421s] Level 1:colcon.colcon_core.package_identification:_identify(src) by extensions ['ros']
[5.421s] Level 1:colcon.colcon_core.package_identification:_identify(src) by extension 'ros'
[5.421s] Level 1:colcon.colcon_core.package_identification:_identify(src) by extensions ['cmake', 'python']
[5.421s] Level 1:colcon.colcon_core.package_identification:_identify(src) by extension 'cmake'
[5.421s] Level 1:colcon.colcon_core.package_identification:_identify(src) by extension 'python'
[5.422s] Level 1:colcon.colcon_core.package_identification:_identify(src) by extensions ['python_setup_py']
[5.422s] Level 1:colcon.colcon_core.package_identification:_identify(src) by extension 'python_setup_py'
[5.422s] Level 1:colcon.colcon_core.package_identification:_identify(src/motor_control) by extensions ['ignore', 'ignore_ament_install']
[5.423s] Level 1:colcon.colcon_core.package_identification:_identify(src/motor_control) by extension 'ignore'
[5.423s] Level 1:colcon.colcon_core.package_identification:_identify(src/motor_control) by extension 'ignore_ament_install'
[5.423s] Level 1:colcon.colcon_core.package_identification:_identify(src/motor_control) by extensions ['colcon_pkg']
[5.423s] Level 1:colcon.colcon_core.package_identification:_identify(src/motor_control) by extension 'colcon_pkg'
[5.423s] Level 1:colcon.colcon_core.package_identification:_identify(src/motor_control) by extensions ['colcon_meta']
[5.423s] Level 1:colcon.colcon_core.package_identification:_identify(src/motor_control) by extension 'colcon_meta'
[5.424s] Level 1:colcon.colcon_core.package_identification:_identify(src/motor_control) by extensions ['ros']
[5.424s] Level 1:colcon.colcon_core.package_identification:_identify(src/motor_control) by extension 'ros'
[5.435s] DEBUG:colcon.colcon_core.package_identification:Package 'src/motor_control' with type 'ros.ament_python' and name 'motor_control'
[5.435s] Level 1:colcon.colcon_core.package_discovery:discover_packages(recursive) using defaults
[5.436s] Level 1:colcon.colcon_core.package_discovery:discover_packages(ignore) discover
[5.436s] Level 1:colcon.colcon_core.package_discovery:discover_packages(ignore) using defaults
[5.436s] Level 1:colcon.colcon_core.package_discovery:discover_packages(path) discover
[5.436s] Level 1:colcon.colcon_core.package_discovery:discover_packages(path) using defaults
[5.882s] Level 1:colcon.colcon_core.package_discovery:discover_packages(prefix_path) check parameters
[5.883s] Level 1:colcon.colcon_core.package_discovery:discover_packages(prefix_path) discover
[6.024s] DEBUG:colcon.colcon_installed_package_information.package_discovery:Found 270 installed packages in /opt/ros/humble
[6.031s] Level 1:colcon.colcon_core.package_discovery:discover_packages(prefix_path) using defaults
[6.463s] Level 5:colcon.colcon_core.verb:set package 'motor_control' build argument 'cmake_args' from command line to 'None'
[6.463s] Level 5:colcon.colcon_core.verb:set package 'motor_control' build argument 'cmake_target' from command line to 'None'
[6.464s] Level 5:colcon.colcon_core.verb:set package 'motor_control' build argument 'cmake_target_skip_unavailable' from command line to 'False'
[6.464s] Level 5:colcon.colcon_core.verb:set package 'motor_control' build argument 'cmake_clean_cache' from command line to 'False'
[6.464s] Level 5:colcon.colcon_core.verb:set package 'motor_control' build argument 'cmake_clean_first' from command line to 'False'
[6.464s] Level 5:colcon.colcon_core.verb:set package 'motor_control' build argument 'cmake_force_configure' from command line to 'False'
[6.464s] Level 5:colcon.colcon_core.verb:set package 'motor_control' build argument 'ament_cmake_args' from command line to 'None'
[6.464s] Level 5:colcon.colcon_core.verb:set package 'motor_control' build argument 'catkin_cmake_args' from command line to 'None'
[6.464s] Level 5:colcon.colcon_core.verb:set package 'motor_control' build argument 'catkin_skip_building_tests' from command line to 'False'
[6.464s] DEBUG:colcon.colcon_core.verb:Building package 'motor_control' with the following arguments: {'ament_cmake_args': None, 'build_base': '/home/pi/MUC-Hardware-/muc_ws_rpi/build/motor_control', 'catkin_cmake_args': None, 'catkin_skip_building_tests': False, 'cmake_args': None, 'cmake_clean_cache': False, 'cmake_clean_first': False, 'cmake_force_configure': False, 'cmake_target': None, 'cmake_target_skip_unavailable': False, 'install_base': '/home/pi/MUC-Hardware-/muc_ws_rpi/install/motor_control', 'merge_install': False, 'path': '/home/pi/MUC-Hardware-/muc_ws_rpi/src/motor_control', 'symlink_install': False, 'test_result_base': None}
[6.527s] INFO:colcon.colcon_core.executor:Executing jobs using 'parallel' executor
[6.592s] DEBUG:colcon.colcon_parallel_executor.executor.parallel:run_until_complete
[6.592s] INFO:colcon.colcon_ros.task.ament_python.build:Building ROS package in '/home/pi/MUC-Hardware-/muc_ws_rpi/src/motor_control' with build type 'ament_python'
[6.593s] Level 1:colcon.colcon_core.shell:create_environment_hook('motor_control', 'ament_prefix_path')
[6.676s] INFO:colcon.colcon_core.plugin_system:Skipping extension 'colcon_core.shell.bat': Not used on non-Windows systems
[6.678s] INFO:colcon.colcon_core.shell:Creating environment hook '/home/pi/MUC-Hardware-/muc_ws_rpi/install/motor_control/share/motor_control/hook/ament_prefix_path.ps1'
[6.683s] INFO:colcon.colcon_core.shell:Creating environment descriptor '/home/pi/MUC-Hardware-/muc_ws_rpi/install/motor_control/share/motor_control/hook/ament_prefix_path.dsv'
[6.685s] INFO:colcon.colcon_core.shell:Creating environment hook '/home/pi/MUC-Hardware-/muc_ws_rpi/install/motor_control/share/motor_control/hook/ament_prefix_path.sh'
[6.753s] INFO:colcon.colcon_core.shell:Skip shell extension 'powershell' for command environment: Not usable outside of PowerShell
[6.753s] DEBUG:colcon.colcon_core.shell:Skip shell extension 'dsv' for command environment
[8.085s] INFO:colcon.colcon_core.task.python.build:Building Python package in '/home/pi/MUC-Hardware-/muc_ws_rpi/src/motor_control'
[8.151s] INFO:colcon.colcon_core.shell:Skip shell extension 'powershell' for command environment: Not usable outside of PowerShell
[8.151s] DEBUG:colcon.colcon_core.shell:Skip shell extension 'dsv' for command environment
[9.960s] DEBUG:colcon.colcon_core.event_handler.log_command:Invoking command in '/home/pi/MUC-Hardware-/muc_ws_rpi/src/motor_control': PYTHONPATH=/home/pi/MUC-Hardware-/muc_ws_rpi/build/motor_control/prefix_override:/home/pi/MUC-Hardware-/muc_ws_rpi/install/motor_control/lib/python3.10/site-packages:${PYTHONPATH} /usr/bin/python3 setup.py egg_info --egg-base ../../build/motor_control build --build-base /home/pi/MUC-Hardware-/muc_ws_rpi/build/motor_control/build install --record /home/pi/MUC-Hardware-/muc_ws_rpi/build/motor_control/install.log --single-version-externally-managed
[11.326s] DEBUG:colcon.colcon_core.event_handler.log_command:Invoked command in '/home/pi/MUC-Hardware-/muc_ws_rpi/src/motor_control' returned '0': PYTHONPATH=/home/pi/MUC-Hardware-/muc_ws_rpi/build/motor_control/prefix_override:/home/pi/MUC-Hardware-/muc_ws_rpi/install/motor_control/lib/python3.10/site-packages:${PYTHONPATH} /usr/bin/python3 setup.py egg_info --egg-base ../../build/motor_control build --build-base /home/pi/MUC-Hardware-/muc_ws_rpi/build/motor_control/build install --record /home/pi/MUC-Hardware-/muc_ws_rpi/build/motor_control/install.log --single-version-externally-managed
[11.415s] Level 1:colcon.colcon_core.environment:checking '/home/pi/MUC-Hardware-/muc_ws_rpi/install/motor_control' for CMake module files
[11.418s] Level 1:colcon.colcon_core.environment:checking '/home/pi/MUC-Hardware-/muc_ws_rpi/install/motor_control' for CMake config files
[11.422s] Level 1:colcon.colcon_core.environment:checking '/home/pi/MUC-Hardware-/muc_ws_rpi/install/motor_control/lib'
[11.423s] Level 1:colcon.colcon_core.environment:checking '/home/pi/MUC-Hardware-/muc_ws_rpi/install/motor_control/bin'
[11.423s] Level 1:colcon.colcon_core.environment:checking '/home/pi/MUC-Hardware-/muc_ws_rpi/install/motor_control/lib/pkgconfig/motor_control.pc'
[11.424s] Level 1:colcon.colcon_core.environment:checking '/home/pi/MUC-Hardware-/muc_ws_rpi/install/motor_control/lib/python3.10/site-packages'
[11.424s] Level 1:colcon.colcon_core.shell:create_environment_hook('motor_control', 'pythonpath')
[11.488s] INFO:colcon.colcon_core.shell:Creating environment hook '/home/pi/MUC-Hardware-/muc_ws_rpi/install/motor_control/share/motor_control/hook/pythonpath.ps1'
[11.490s] INFO:colcon.colcon_core.shell:Creating environment descriptor '/home/pi/MUC-Hardware-/muc_ws_rpi/install/motor_control/share/motor_control/hook/pythonpath.dsv'
[11.491s] INFO:colcon.colcon_core.shell:Creating environment hook '/home/pi/MUC-Hardware-/muc_ws_rpi/install/motor_control/share/motor_control/hook/pythonpath.sh'
[11.493s] Level 1:colcon.colcon_core.environment:checking '/home/pi/MUC-Hardware-/muc_ws_rpi/install/motor_control/bin'
[11.494s] Level 1:colcon.colcon_core.environment:create_environment_scripts_only(motor_control)
[11.557s] INFO:colcon.colcon_core.shell:Creating package script '/home/pi/MUC-Hardware-/muc_ws_rpi/install/motor_control/share/motor_control/package.ps1'
[11.561s] INFO:colcon.colcon_core.shell:Creating package descriptor '/home/pi/MUC-Hardware-/muc_ws_rpi/install/motor_control/share/motor_control/package.dsv'
[11.564s] INFO:colcon.colcon_core.shell:Creating package script '/home/pi/MUC-Hardware-/muc_ws_rpi/install/motor_control/share/motor_control/package.sh'
[11.568s] INFO:colcon.colcon_core.shell:Creating package script '/home/pi/MUC-Hardware-/muc_ws_rpi/install/motor_control/share/motor_control/package.bash'
[11.572s] INFO:colcon.colcon_core.shell:Creating package script '/home/pi/MUC-Hardware-/muc_ws_rpi/install/motor_control/share/motor_control/package.zsh'
[11.576s] Level 1:colcon.colcon_core.environment:create_file_with_runtime_dependencies(/home/pi/MUC-Hardware-/muc_ws_rpi/install/motor_control/share/colcon-core/packages/motor_control)
[11.578s] DEBUG:colcon.colcon_parallel_executor.executor.parallel:closing loop
[11.579s] DEBUG:colcon.colcon_parallel_executor.executor.parallel:loop closed
[11.580s] DEBUG:colcon.colcon_parallel_executor.executor.parallel:run_until_complete finished with '0'
[11.580s] DEBUG:colcon.colcon_core.event_reactor:joining thread
[11.668s] INFO:colcon.colcon_core.plugin_system:Skipping extension 'colcon_notification.desktop_notification.terminal_notifier': Not used on non-Darwin systems
[11.669s] INFO:colcon.colcon_core.plugin_system:Skipping extension 'colcon_notification.desktop_notification.win32': Not used on non-Windows systems
[11.669s] INFO:colcon.colcon_notification.desktop_notification:Sending desktop notification using 'notify2'
[11.799s] DEBUG:colcon.colcon_core.event_reactor:joined thread
[11.898s] INFO:colcon.colcon_core.shell:Creating prefix script '/home/pi/MUC-Hardware-/muc_ws_rpi/install/local_setup.ps1'
[11.905s] INFO:colcon.colcon_core.shell:Creating prefix util module '/home/pi/MUC-Hardware-/muc_ws_rpi/install/_local_setup_util_ps1.py'
[11.912s] INFO:colcon.colcon_core.shell:Creating prefix chain script '/home/pi/MUC-Hardware-/muc_ws_rpi/install/setup.ps1'
[12.059s] INFO:colcon.colcon_core.shell:Creating prefix script '/home/pi/MUC-Hardware-/muc_ws_rpi/install/local_setup.sh'
[12.063s] INFO:colcon.colcon_core.shell:Creating prefix util module '/home/pi/MUC-Hardware-/muc_ws_rpi/install/_local_setup_util_sh.py'
[12.066s] INFO:colcon.colcon_core.shell:Creating prefix chain script '/home/pi/MUC-Hardware-/muc_ws_rpi/install/setup.sh'
[12.152s] INFO:colcon.colcon_core.shell:Creating prefix script '/home/pi/MUC-Hardware-/muc_ws_rpi/install/local_setup.bash'
[12.155s] INFO:colcon.colcon_core.shell:Creating prefix chain script '/home/pi/MUC-Hardware-/muc_ws_rpi/install/setup.bash'
[12.221s] INFO:colcon.colcon_core.shell:Creating prefix script '/home/pi/MUC-Hardware-/muc_ws_rpi/install/local_setup.zsh'
[12.224s] INFO:colcon.colcon_core.shell:Creating prefix chain script '/home/pi/MUC-Hardware-/muc_ws_rpi/install/setup.zsh'
