running egg_info
writing ../../build/publish_pwm_values/publish_pwm_values.egg-info/PKG-INFO
writing dependency_links to ../../build/publish_pwm_values/publish_pwm_values.egg-info/dependency_links.txt
writing entry points to ../../build/publish_pwm_values/publish_pwm_values.egg-info/entry_points.txt
writing requirements to ../../build/publish_pwm_values/publish_pwm_values.egg-info/requires.txt
writing top-level names to ../../build/publish_pwm_values/publish_pwm_values.egg-info/top_level.txt
reading manifest file '../../build/publish_pwm_values/publish_pwm_values.egg-info/SOURCES.txt'
writing manifest file '../../build/publish_pwm_values/publish_pwm_values.egg-info/SOURCES.txt'
running build
running build_py
copying publish_pwm_values/publish_pwm_values.py -> /home/anirudh/muc_ws/build/publish_pwm_values/build/lib/publish_pwm_values
running install
running install_lib
copying /home/anirudh/muc_ws/build/publish_pwm_values/build/lib/publish_pwm_values/publish_pwm_values.py -> /home/anirudh/muc_ws/install/publish_pwm_values/lib/python3.10/site-packages/publish_pwm_values
byte-compiling /home/anirudh/muc_ws/install/publish_pwm_values/lib/python3.10/site-packages/publish_pwm_values/publish_pwm_values.py to publish_pwm_values.cpython-310.pyc
running install_data
copying package.xml -> /home/anirudh/muc_ws/install/publish_pwm_values/share/publish_pwm_values
running install_egg_info
removing '/home/anirudh/muc_ws/install/publish_pwm_values/lib/python3.10/site-packages/publish_pwm_values-0.0.0-py3.10.egg-info' (and everything under it)
Copying ../../build/publish_pwm_values/publish_pwm_values.egg-info to /home/anirudh/muc_ws/install/publish_pwm_values/lib/python3.10/site-packages/publish_pwm_values-0.0.0-py3.10.egg-info
running install_scripts
Installing publish_pwm_values script to /home/anirudh/muc_ws/install/publish_pwm_values/lib/publish_pwm_values
writing list of installed files to '/home/anirudh/muc_ws/build/publish_pwm_values/install.log'
