[5.355s] Invoking command in '/home/pi/MUC-Hardware-/muc_ws_rpi/src/motor_control': PYTHONPATH=/home/pi/MUC-Hardware-/muc_ws_rpi/build/motor_control/prefix_override:/home/pi/MUC-Hardware-/muc_ws_rpi/install/motor_control/lib/python3.10/site-packages:${PYTHONPATH} /usr/bin/python3 setup.py egg_info --egg-base ../../build/motor_control build --build-base /home/pi/MUC-Hardware-/muc_ws_rpi/build/motor_control/build install --record /home/pi/MUC-Hardware-/muc_ws_rpi/build/motor_control/install.log --single-version-externally-managed
[6.715s] running egg_info
[6.718s] writing ../../build/motor_control/motor_control.egg-info/PKG-INFO
[6.719s] writing dependency_links to ../../build/motor_control/motor_control.egg-info/dependency_links.txt
[6.720s] writing entry points to ../../build/motor_control/motor_control.egg-info/entry_points.txt
[6.721s] writing requirements to ../../build/motor_control/motor_control.egg-info/requires.txt
[6.722s] writing top-level names to ../../build/motor_control/motor_control.egg-info/top_level.txt
[6.731s] reading manifest file '../../build/motor_control/motor_control.egg-info/SOURCES.txt'
[6.736s] writing manifest file '../../build/motor_control/motor_control.egg-info/SOURCES.txt'
[6.737s] running build
[6.739s] running build_py
[6.740s] running install
[6.741s] running install_lib
[6.748s] running install_data
[6.749s] running install_egg_info
[6.757s] removing '/home/pi/MUC-Hardware-/muc_ws_rpi/install/motor_control/lib/python3.10/site-packages/motor_control-0.0.0-py3.10.egg-info' (and everything under it)
[6.760s] Copying ../../build/motor_control/motor_control.egg-info to /home/pi/MUC-Hardware-/muc_ws_rpi/install/motor_control/lib/python3.10/site-packages/motor_control-0.0.0-py3.10.egg-info
[6.769s] running install_scripts
[6.853s] Installing motor_control_node script to /home/pi/MUC-Hardware-/muc_ws_rpi/install/motor_control/lib/motor_control
[6.855s] writing list of installed files to '/home/pi/MUC-Hardware-/muc_ws_rpi/build/motor_control/install.log'
[7.046s] Invoked command in '/home/pi/MUC-Hardware-/muc_ws_rpi/src/motor_control' returned '0': PYTHONPATH=/home/pi/MUC-Hardware-/muc_ws_rpi/build/motor_control/prefix_override:/home/pi/MUC-Hardware-/muc_ws_rpi/install/motor_control/lib/python3.10/site-packages:${PYTHONPATH} /usr/bin/python3 setup.py egg_info --egg-base ../../build/motor_control build --build-base /home/pi/MUC-Hardware-/muc_ws_rpi/build/motor_control/build install --record /home/pi/MUC-Hardware-/muc_ws_rpi/build/motor_control/install.log --single-version-externally-managed
