[4.347s] DEBUG:colcon:Command line arguments: ['/usr/bin/colcon', 'build']
[4.347s] DEBUG:colcon:Parsed command line arguments: Namespace(log_base=None, log_level=None, verb_name='build', build_base='build', install_base='install', merge_install=False, symlink_install=False, test_result_base=None, continue_on_error=False, executor='parallel', parallel_workers=4, event_handlers=None, ignore_user_meta=False, metas=['./colcon.meta'], base_paths=['.'], packages_ignore=None, packages_ignore_regex=None, paths=None, packages_up_to=None, packages_up_to_regex=None, packages_above=None, packages_above_and_dependencies=None, packages_above_depth=None, packages_select_by_dep=None, packages_skip_by_dep=None, packages_skip_up_to=None, packages_select_build_failed=False, packages_skip_build_finished=False, packages_select_test_failures=False, packages_skip_test_passed=False, packages_select=None, packages_skip=None, packages_select_regex=None, packages_skip_regex=None, packages_start=None, packages_end=None, allow_overriding=[], cmake_args=None, cmake_target=None, cmake_target_skip_unavailable=False, cmake_clean_cache=False, cmake_clean_first=False, cmake_force_configure=False, ament_cmake_args=None, catkin_cmake_args=None, catkin_skip_building_tests=False, verb_parser=<colcon_defaults.argument_parser.defaults.DefaultArgumentsDecorator object at 0xffffb6ae2cb0>, verb_extension=<colcon_core.verb.build.BuildVerb object at 0xffffb6da42b0>, main=<bound method BuildVerb.main of <colcon_core.verb.build.BuildVerb object at 0xffffb6da42b0>>)
[4.542s] Level 1:colcon.colcon_core.package_discovery:discover_packages(colcon_meta) check parameters
[4.543s] Level 1:colcon.colcon_core.package_discovery:discover_packages(recursive) check parameters
[4.543s] Level 1:colcon.colcon_core.package_discovery:discover_packages(ignore) check parameters
[4.543s] Level 1:colcon.colcon_core.package_discovery:discover_packages(path) check parameters
[4.543s] Level 1:colcon.colcon_core.package_discovery:discover_packages(colcon_meta) discover
[4.544s] Level 1:colcon.colcon_core.package_discovery:discover_packages(recursive) discover
[4.544s] INFO:colcon.colcon_core.package_discovery:Crawling recursively for packages in '/home/pi/MUC-Hardware-/muc_ws_rpi'
[4.544s] Level 1:colcon.colcon_core.package_identification:_identify(.) by extensions ['ignore', 'ignore_ament_install']
[4.545s] Level 1:colcon.colcon_core.package_identification:_identify(.) by extension 'ignore'
[4.545s] Level 1:colcon.colcon_core.package_identification:_identify(.) by extension 'ignore_ament_install'
[4.545s] Level 1:colcon.colcon_core.package_identification:_identify(.) by extensions ['colcon_pkg']
[4.545s] Level 1:colcon.colcon_core.package_identification:_identify(.) by extension 'colcon_pkg'
[4.545s] Level 1:colcon.colcon_core.package_identification:_identify(.) by extensions ['colcon_meta']
[4.546s] Level 1:colcon.colcon_core.package_identification:_identify(.) by extension 'colcon_meta'
[4.546s] Level 1:colcon.colcon_core.package_identification:_identify(.) by extensions ['ros']
[4.546s] Level 1:colcon.colcon_core.package_identification:_identify(.) by extension 'ros'
[4.588s] Level 1:colcon.colcon_core.package_identification:_identify(.) by extensions ['cmake', 'python']
[4.588s] Level 1:colcon.colcon_core.package_identification:_identify(.) by extension 'cmake'
[4.588s] Level 1:colcon.colcon_core.package_identification:_identify(.) by extension 'python'
[4.589s] Level 1:colcon.colcon_core.package_identification:_identify(.) by extensions ['python_setup_py']
[4.589s] Level 1:colcon.colcon_core.package_identification:_identify(.) by extension 'python_setup_py'
[4.589s] Level 1:colcon.colcon_core.package_identification:_identify(build) by extensions ['ignore', 'ignore_ament_install']
[4.590s] Level 1:colcon.colcon_core.package_identification:_identify(build) by extension 'ignore'
[4.590s] Level 1:colcon.colcon_core.package_identification:_identify(build) ignored
[4.590s] Level 1:colcon.colcon_core.package_identification:_identify(install) by extensions ['ignore', 'ignore_ament_install']
[4.591s] Level 1:colcon.colcon_core.package_identification:_identify(install) by extension 'ignore'
[4.591s] Level 1:colcon.colcon_core.package_identification:_identify(install) ignored
[4.591s] Level 1:colcon.colcon_core.package_identification:_identify(log) by extensions ['ignore', 'ignore_ament_install']
[4.592s] Level 1:colcon.colcon_core.package_identification:_identify(log) by extension 'ignore'
[4.592s] Level 1:colcon.colcon_core.package_identification:_identify(log) ignored
[4.592s] Level 1:colcon.colcon_core.package_identification:_identify(src) by extensions ['ignore', 'ignore_ament_install']
[4.592s] Level 1:colcon.colcon_core.package_identification:_identify(src) by extension 'ignore'
[4.593s] Level 1:colcon.colcon_core.package_identification:_identify(src) by extension 'ignore_ament_install'
[4.593s] Level 1:colcon.colcon_core.package_identification:_identify(src) by extensions ['colcon_pkg']
[4.593s] Level 1:colcon.colcon_core.package_identification:_identify(src) by extension 'colcon_pkg'
[4.593s] Level 1:colcon.colcon_core.package_identification:_identify(src) by extensions ['colcon_meta']
[4.593s] Level 1:colcon.colcon_core.package_identification:_identify(src) by extension 'colcon_meta'
[4.593s] Level 1:colcon.colcon_core.package_identification:_identify(src) by extensions ['ros']
[4.594s] Level 1:colcon.colcon_core.package_identification:_identify(src) by extension 'ros'
[4.594s] Level 1:colcon.colcon_core.package_identification:_identify(src) by extensions ['cmake', 'python']
[4.594s] Level 1:colcon.colcon_core.package_identification:_identify(src) by extension 'cmake'
[4.594s] Level 1:colcon.colcon_core.package_identification:_identify(src) by extension 'python'
[4.594s] Level 1:colcon.colcon_core.package_identification:_identify(src) by extensions ['python_setup_py']
[4.594s] Level 1:colcon.colcon_core.package_identification:_identify(src) by extension 'python_setup_py'
[4.595s] Level 1:colcon.colcon_core.package_identification:_identify(src/motor_control) by extensions ['ignore', 'ignore_ament_install']
[4.595s] Level 1:colcon.colcon_core.package_identification:_identify(src/motor_control) by extension 'ignore'
[4.595s] Level 1:colcon.colcon_core.package_identification:_identify(src/motor_control) by extension 'ignore_ament_install'
[4.595s] Level 1:colcon.colcon_core.package_identification:_identify(src/motor_control) by extensions ['colcon_pkg']
[4.596s] Level 1:colcon.colcon_core.package_identification:_identify(src/motor_control) by extension 'colcon_pkg'
[4.596s] Level 1:colcon.colcon_core.package_identification:_identify(src/motor_control) by extensions ['colcon_meta']
[4.596s] Level 1:colcon.colcon_core.package_identification:_identify(src/motor_control) by extension 'colcon_meta'
[4.596s] Level 1:colcon.colcon_core.package_identification:_identify(src/motor_control) by extensions ['ros']
[4.596s] Level 1:colcon.colcon_core.package_identification:_identify(src/motor_control) by extension 'ros'
[4.605s] DEBUG:colcon.colcon_core.package_identification:Package 'src/motor_control' with type 'ros.ament_python' and name 'motor_control'
[4.606s] Level 1:colcon.colcon_core.package_discovery:discover_packages(recursive) using defaults
[4.606s] Level 1:colcon.colcon_core.package_discovery:discover_packages(ignore) discover
[4.606s] Level 1:colcon.colcon_core.package_discovery:discover_packages(ignore) using defaults
[4.606s] Level 1:colcon.colcon_core.package_discovery:discover_packages(path) discover
[4.606s] Level 1:colcon.colcon_core.package_discovery:discover_packages(path) using defaults
[4.988s] Level 1:colcon.colcon_core.package_discovery:discover_packages(prefix_path) check parameters
[4.988s] Level 1:colcon.colcon_core.package_discovery:discover_packages(prefix_path) discover
[5.115s] DEBUG:colcon.colcon_installed_package_information.package_discovery:Found 1 installed packages in /home/pi/MUC-Hardware-/muc_ws_rpi/install
[5.183s] DEBUG:colcon.colcon_installed_package_information.package_discovery:Found 270 installed packages in /opt/ros/humble
[5.189s] Level 1:colcon.colcon_core.package_discovery:discover_packages(prefix_path) using defaults
[5.608s] Level 5:colcon.colcon_core.verb:set package 'motor_control' build argument 'cmake_args' from command line to 'None'
[5.609s] Level 5:colcon.colcon_core.verb:set package 'motor_control' build argument 'cmake_target' from command line to 'None'
[5.609s] Level 5:colcon.colcon_core.verb:set package 'motor_control' build argument 'cmake_target_skip_unavailable' from command line to 'False'
[5.609s] Level 5:colcon.colcon_core.verb:set package 'motor_control' build argument 'cmake_clean_cache' from command line to 'False'
[5.609s] Level 5:colcon.colcon_core.verb:set package 'motor_control' build argument 'cmake_clean_first' from command line to 'False'
[5.609s] Level 5:colcon.colcon_core.verb:set package 'motor_control' build argument 'cmake_force_configure' from command line to 'False'
[5.609s] Level 5:colcon.colcon_core.verb:set package 'motor_control' build argument 'ament_cmake_args' from command line to 'None'
[5.609s] Level 5:colcon.colcon_core.verb:set package 'motor_control' build argument 'catkin_cmake_args' from command line to 'None'
[5.609s] Level 5:colcon.colcon_core.verb:set package 'motor_control' build argument 'catkin_skip_building_tests' from command line to 'False'
[5.609s] DEBUG:colcon.colcon_core.verb:Building package 'motor_control' with the following arguments: {'ament_cmake_args': None, 'build_base': '/home/pi/MUC-Hardware-/muc_ws_rpi/build/motor_control', 'catkin_cmake_args': None, 'catkin_skip_building_tests': False, 'cmake_args': None, 'cmake_clean_cache': False, 'cmake_clean_first': False, 'cmake_force_configure': False, 'cmake_target': None, 'cmake_target_skip_unavailable': False, 'install_base': '/home/pi/MUC-Hardware-/muc_ws_rpi/install/motor_control', 'merge_install': False, 'path': '/home/pi/MUC-Hardware-/muc_ws_rpi/src/motor_control', 'symlink_install': False, 'test_result_base': None}
[5.684s] INFO:colcon.colcon_core.executor:Executing jobs using 'parallel' executor
[5.770s] DEBUG:colcon.colcon_parallel_executor.executor.parallel:run_until_complete
[5.774s] INFO:colcon.colcon_ros.task.ament_python.build:Building ROS package in '/home/pi/MUC-Hardware-/muc_ws_rpi/src/motor_control' with build type 'ament_python'
[5.775s] Level 1:colcon.colcon_core.shell:create_environment_hook('motor_control', 'ament_prefix_path')
[5.884s] INFO:colcon.colcon_core.plugin_system:Skipping extension 'colcon_core.shell.bat': Not used on non-Windows systems
[5.886s] INFO:colcon.colcon_core.shell:Creating environment hook '/home/pi/MUC-Hardware-/muc_ws_rpi/install/motor_control/share/motor_control/hook/ament_prefix_path.ps1'
[5.889s] INFO:colcon.colcon_core.shell:Creating environment descriptor '/home/pi/MUC-Hardware-/muc_ws_rpi/install/motor_control/share/motor_control/hook/ament_prefix_path.dsv'
[5.892s] INFO:colcon.colcon_core.shell:Creating environment hook '/home/pi/MUC-Hardware-/muc_ws_rpi/install/motor_control/share/motor_control/hook/ament_prefix_path.sh'
[6.047s] INFO:colcon.colcon_core.shell:Skip shell extension 'powershell' for command environment: Not usable outside of PowerShell
[6.048s] DEBUG:colcon.colcon_core.shell:Skip shell extension 'dsv' for command environment
[8.008s] INFO:colcon.colcon_core.task.python.build:Building Python package in '/home/pi/MUC-Hardware-/muc_ws_rpi/src/motor_control'
[8.084s] INFO:colcon.colcon_core.shell:Skip shell extension 'powershell' for command environment: Not usable outside of PowerShell
[8.085s] DEBUG:colcon.colcon_core.shell:Skip shell extension 'dsv' for command environment
[10.314s] DEBUG:colcon.colcon_core.event_handler.log_command:Invoking command in '/home/pi/MUC-Hardware-/muc_ws_rpi/src/motor_control': PYTHONPATH=/home/pi/MUC-Hardware-/muc_ws_rpi/build/motor_control/prefix_override:/home/pi/MUC-Hardware-/muc_ws_rpi/install/motor_control/lib/python3.10/site-packages:${PYTHONPATH} /usr/bin/python3 setup.py egg_info --egg-base ../../build/motor_control build --build-base /home/pi/MUC-Hardware-/muc_ws_rpi/build/motor_control/build install --record /home/pi/MUC-Hardware-/muc_ws_rpi/build/motor_control/install.log --single-version-externally-managed
[12.066s] DEBUG:colcon.colcon_core.event_handler.log_command:Invoked command in '/home/pi/MUC-Hardware-/muc_ws_rpi/src/motor_control' returned '0': PYTHONPATH=/home/pi/MUC-Hardware-/muc_ws_rpi/build/motor_control/prefix_override:/home/pi/MUC-Hardware-/muc_ws_rpi/install/motor_control/lib/python3.10/site-packages:${PYTHONPATH} /usr/bin/python3 setup.py egg_info --egg-base ../../build/motor_control build --build-base /home/pi/MUC-Hardware-/muc_ws_rpi/build/motor_control/build install --record /home/pi/MUC-Hardware-/muc_ws_rpi/build/motor_control/install.log --single-version-externally-managed
[12.152s] Level 1:colcon.colcon_core.environment:checking '/home/pi/MUC-Hardware-/muc_ws_rpi/install/motor_control' for CMake module files
[12.154s] Level 1:colcon.colcon_core.environment:checking '/home/pi/MUC-Hardware-/muc_ws_rpi/install/motor_control' for CMake config files
[12.158s] Level 1:colcon.colcon_core.environment:checking '/home/pi/MUC-Hardware-/muc_ws_rpi/install/motor_control/lib'
[12.159s] Level 1:colcon.colcon_core.environment:checking '/home/pi/MUC-Hardware-/muc_ws_rpi/install/motor_control/bin'
[12.159s] Level 1:colcon.colcon_core.environment:checking '/home/pi/MUC-Hardware-/muc_ws_rpi/install/motor_control/lib/pkgconfig/motor_control.pc'
[12.160s] Level 1:colcon.colcon_core.environment:checking '/home/pi/MUC-Hardware-/muc_ws_rpi/install/motor_control/lib/python3.10/site-packages'
[12.160s] Level 1:colcon.colcon_core.shell:create_environment_hook('motor_control', 'pythonpath')
[12.231s] INFO:colcon.colcon_core.shell:Creating environment hook '/home/pi/MUC-Hardware-/muc_ws_rpi/install/motor_control/share/motor_control/hook/pythonpath.ps1'
[12.233s] INFO:colcon.colcon_core.shell:Creating environment descriptor '/home/pi/MUC-Hardware-/muc_ws_rpi/install/motor_control/share/motor_control/hook/pythonpath.dsv'
[12.236s] INFO:colcon.colcon_core.shell:Creating environment hook '/home/pi/MUC-Hardware-/muc_ws_rpi/install/motor_control/share/motor_control/hook/pythonpath.sh'
[12.239s] Level 1:colcon.colcon_core.environment:checking '/home/pi/MUC-Hardware-/muc_ws_rpi/install/motor_control/bin'
[12.240s] Level 1:colcon.colcon_core.environment:create_environment_scripts_only(motor_control)
[12.313s] INFO:colcon.colcon_core.shell:Creating package script '/home/pi/MUC-Hardware-/muc_ws_rpi/install/motor_control/share/motor_control/package.ps1'
[12.316s] INFO:colcon.colcon_core.shell:Creating package descriptor '/home/pi/MUC-Hardware-/muc_ws_rpi/install/motor_control/share/motor_control/package.dsv'
[12.320s] INFO:colcon.colcon_core.shell:Creating package script '/home/pi/MUC-Hardware-/muc_ws_rpi/install/motor_control/share/motor_control/package.sh'
[12.324s] INFO:colcon.colcon_core.shell:Creating package script '/home/pi/MUC-Hardware-/muc_ws_rpi/install/motor_control/share/motor_control/package.bash'
[12.327s] INFO:colcon.colcon_core.shell:Creating package script '/home/pi/MUC-Hardware-/muc_ws_rpi/install/motor_control/share/motor_control/package.zsh'
[12.330s] Level 1:colcon.colcon_core.environment:create_file_with_runtime_dependencies(/home/pi/MUC-Hardware-/muc_ws_rpi/install/motor_control/share/colcon-core/packages/motor_control)
[12.332s] DEBUG:colcon.colcon_parallel_executor.executor.parallel:closing loop
[12.333s] DEBUG:colcon.colcon_parallel_executor.executor.parallel:loop closed
[12.334s] DEBUG:colcon.colcon_parallel_executor.executor.parallel:run_until_complete finished with '0'
[12.334s] DEBUG:colcon.colcon_core.event_reactor:joining thread
[12.426s] INFO:colcon.colcon_core.plugin_system:Skipping extension 'colcon_notification.desktop_notification.terminal_notifier': Not used on non-Darwin systems
[12.426s] INFO:colcon.colcon_core.plugin_system:Skipping extension 'colcon_notification.desktop_notification.win32': Not used on non-Windows systems
[12.426s] INFO:colcon.colcon_notification.desktop_notification:Sending desktop notification using 'notify2'
[12.494s] DEBUG:colcon.colcon_core.event_reactor:joined thread
[12.607s] INFO:colcon.colcon_core.shell:Creating prefix script '/home/pi/MUC-Hardware-/muc_ws_rpi/install/local_setup.ps1'
[12.613s] INFO:colcon.colcon_core.shell:Creating prefix util module '/home/pi/MUC-Hardware-/muc_ws_rpi/install/_local_setup_util_ps1.py'
[12.618s] INFO:colcon.colcon_core.shell:Creating prefix chain script '/home/pi/MUC-Hardware-/muc_ws_rpi/install/setup.ps1'
[12.694s] INFO:colcon.colcon_core.shell:Creating prefix script '/home/pi/MUC-Hardware-/muc_ws_rpi/install/local_setup.sh'
[12.697s] INFO:colcon.colcon_core.shell:Creating prefix util module '/home/pi/MUC-Hardware-/muc_ws_rpi/install/_local_setup_util_sh.py'
[12.699s] INFO:colcon.colcon_core.shell:Creating prefix chain script '/home/pi/MUC-Hardware-/muc_ws_rpi/install/setup.sh'
[12.774s] INFO:colcon.colcon_core.shell:Creating prefix script '/home/pi/MUC-Hardware-/muc_ws_rpi/install/local_setup.bash'
[12.777s] INFO:colcon.colcon_core.shell:Creating prefix chain script '/home/pi/MUC-Hardware-/muc_ws_rpi/install/setup.bash'
[12.852s] INFO:colcon.colcon_core.shell:Creating prefix script '/home/pi/MUC-Hardware-/muc_ws_rpi/install/local_setup.zsh'
[12.855s] INFO:colcon.colcon_core.shell:Creating prefix chain script '/home/pi/MUC-Hardware-/muc_ws_rpi/install/setup.zsh'
