[5.410s] Invoking command in '/home/pi/MUC-Hardware-/muc_ws_rpi/src/motor_control': PYTHONPATH=/home/pi/MUC-Hardware-/muc_ws_rpi/build/motor_control/prefix_override:/home/pi/MUC-Hardware-/muc_ws_rpi/install/motor_control/lib/python3.10/site-packages:${PYTHONPATH} /usr/bin/python3 setup.py egg_info --egg-base ../../build/motor_control build --build-base /home/pi/MUC-Hardware-/muc_ws_rpi/build/motor_control/build install --record /home/pi/MUC-Hardware-/muc_ws_rpi/build/motor_control/install.log --single-version-externally-managed
[6.752s] running egg_info
[6.755s] writing ../../build/motor_control/motor_control.egg-info/PKG-INFO
[6.756s] writing dependency_links to ../../build/motor_control/motor_control.egg-info/dependency_links.txt
[6.757s] writing entry points to ../../build/motor_control/motor_control.egg-info/entry_points.txt
[6.758s] writing requirements to ../../build/motor_control/motor_control.egg-info/requires.txt
[6.759s] writing top-level names to ../../build/motor_control/motor_control.egg-info/top_level.txt
[6.769s] reading manifest file '../../build/motor_control/motor_control.egg-info/SOURCES.txt'
[6.773s] writing manifest file '../../build/motor_control/motor_control.egg-info/SOURCES.txt'
[6.774s] running build
[6.774s] running build_py
[6.775s] running install
[6.781s] running install_lib
[6.784s] running install_data
[6.786s] running install_egg_info
[6.794s] removing '/home/pi/MUC-Hardware-/muc_ws_rpi/install/motor_control/lib/python3.10/site-packages/motor_control-0.0.0-py3.10.egg-info' (and everything under it)
[6.795s] Copying ../../build/motor_control/motor_control.egg-info to /home/pi/MUC-Hardware-/muc_ws_rpi/install/motor_control/lib/python3.10/site-packages/motor_control-0.0.0-py3.10.egg-info
[6.801s] running install_scripts
[6.889s] Installing motor_control_node script to /home/pi/MUC-Hardware-/muc_ws_rpi/install/motor_control/lib/motor_control
[6.892s] writing list of installed files to '/home/pi/MUC-Hardware-/muc_ws_rpi/build/motor_control/install.log'
[7.352s] Invoked command in '/home/pi/MUC-Hardware-/muc_ws_rpi/src/motor_control' returned '0': PYTHONPATH=/home/pi/MUC-Hardware-/muc_ws_rpi/build/motor_control/prefix_override:/home/pi/MUC-Hardware-/muc_ws_rpi/install/motor_control/lib/python3.10/site-packages:${PYTHONPATH} /usr/bin/python3 setup.py egg_info --egg-base ../../build/motor_control build --build-base /home/pi/MUC-Hardware-/muc_ws_rpi/build/motor_control/build install --record /home/pi/MUC-Hardware-/muc_ws_rpi/build/motor_control/install.log --single-version-externally-managed
